Analysis & Synthesis report for calcula_seno
Mon Jul 05 22:54:26 2021
Quartus II 64-Bit Version 13.0.1 Build 232 06/12/2013 Service Pack 1 SJ Web Edition


---------------------
; Table of Contents ;
---------------------
  1. Legal Notice
  2. Analysis & Synthesis Summary
  3. Analysis & Synthesis Settings
  4. Parallel Compilation
  5. Analysis & Synthesis Source Files Read
  6. Analysis & Synthesis Resource Usage Summary
  7. Analysis & Synthesis Resource Utilization by Entity
  8. Analysis & Synthesis DSP Block Usage Summary
  9. Analysis & Synthesis IP Cores Summary
 10. General Register Statistics
 11. Parameter Settings for User Entity Instance: lpm_add_sub1:inst10|lpm_add_sub:LPM_ADD_SUB_component
 12. Parameter Settings for User Entity Instance: lpm_divide0:inst4|lpm_divide:LPM_DIVIDE_component
 13. Parameter Settings for User Entity Instance: lpm_mult0:inst2|lpm_mult:lpm_mult_component
 14. Parameter Settings for User Entity Instance: lpm_mult0:inst1|lpm_mult:lpm_mult_component
 15. Parameter Settings for User Entity Instance: lpm_divide0:inst7|lpm_divide:LPM_DIVIDE_component
 16. Parameter Settings for User Entity Instance: lpm_mult0:inst3|lpm_mult:lpm_mult_component
 17. Parameter Settings for User Entity Instance: lpm_add_sub0:inst|lpm_add_sub:LPM_ADD_SUB_component
 18. Parameter Settings for User Entity Instance: lpm_counter0:inst8|lpm_counter:LPM_COUNTER_component
 19. lpm_mult Parameter Settings by Entity Instance
 20. Elapsed Time Per Partition
 21. Analysis & Synthesis Messages



----------------
; Legal Notice ;
----------------
Copyright (C) 1991-2013 Altera Corporation
Your use of Altera Corporation's design tools, logic functions 
and other software and tools, and its AMPP partner logic 
functions, and any output files from any of the foregoing 
(including device programming or simulation files), and any 
associated documentation or information are expressly subject 
to the terms and conditions of the Altera Program License 
Subscription Agreement, Altera MegaCore Function License 
Agreement, or other applicable license agreement, including, 
without limitation, that your use is for the sole purpose of 
programming logic devices manufactured by Altera and sold by 
Altera or its authorized distributors.  Please refer to the 
applicable agreement for further details.



+--------------------------------------------------------------------------------------+
; Analysis & Synthesis Summary                                                         ;
+------------------------------------+-------------------------------------------------+
; Analysis & Synthesis Status        ; Successful - Mon Jul 05 22:54:26 2021           ;
; Quartus II 64-Bit Version          ; 13.0.1 Build 232 06/12/2013 SP 1 SJ Web Edition ;
; Revision Name                      ; calcula_seno                                    ;
; Top-level Entity Name              ; calcula_seno                                    ;
; Family                             ; Cyclone IV GX                                   ;
; Total logic elements               ; 6,492                                           ;
;     Total combinational functions  ; 6,492                                           ;
;     Dedicated logic registers      ; 8                                               ;
; Total registers                    ; 8                                               ;
; Total pins                         ; 169                                             ;
; Total virtual pins                 ; 0                                               ;
; Total memory bits                  ; 0                                               ;
; Embedded Multiplier 9-bit elements ; 22                                              ;
; Total GXB Receiver Channel PCS     ; 0                                               ;
; Total GXB Receiver Channel PMA     ; 0                                               ;
; Total GXB Transmitter Channel PCS  ; 0                                               ;
; Total GXB Transmitter Channel PMA  ; 0                                               ;
; Total PLLs                         ; 0                                               ;
+------------------------------------+-------------------------------------------------+


+----------------------------------------------------------------------------------------------------------------------+
; Analysis & Synthesis Settings                                                                                        ;
+----------------------------------------------------------------------------+--------------------+--------------------+
; Option                                                                     ; Setting            ; Default Value      ;
+----------------------------------------------------------------------------+--------------------+--------------------+
; Device                                                                     ; EP4CGX110DF31C7    ;                    ;
; Top-level entity name                                                      ; calcula_seno       ; calcula_seno       ;
; Family name                                                                ; Cyclone IV GX      ; Cyclone IV GX      ;
; Use smart compilation                                                      ; Off                ; Off                ;
; Enable parallel Assembler and TimeQuest Timing Analyzer during compilation ; On                 ; On                 ;
; Enable compact report table                                                ; Off                ; Off                ;
; Restructure Multiplexers                                                   ; Auto               ; Auto               ;
; Create Debugging Nodes for IP Cores                                        ; Off                ; Off                ;
; Preserve fewer node names                                                  ; On                 ; On                 ;
; Disable OpenCore Plus hardware evaluation                                  ; Off                ; Off                ;
; Verilog Version                                                            ; Verilog_2001       ; Verilog_2001       ;
; VHDL Version                                                               ; VHDL_1993          ; VHDL_1993          ;
; State Machine Processing                                                   ; Auto               ; Auto               ;
; Safe State Machine                                                         ; Off                ; Off                ;
; Extract Verilog State Machines                                             ; On                 ; On                 ;
; Extract VHDL State Machines                                                ; On                 ; On                 ;
; Ignore Verilog initial constructs                                          ; Off                ; Off                ;
; Iteration limit for constant Verilog loops                                 ; 5000               ; 5000               ;
; Iteration limit for non-constant Verilog loops                             ; 250                ; 250                ;
; Add Pass-Through Logic to Inferred RAMs                                    ; On                 ; On                 ;
; Infer RAMs from Raw Logic                                                  ; On                 ; On                 ;
; Parallel Synthesis                                                         ; On                 ; On                 ;
; DSP Block Balancing                                                        ; Auto               ; Auto               ;
; NOT Gate Push-Back                                                         ; On                 ; On                 ;
; Power-Up Don't Care                                                        ; On                 ; On                 ;
; Remove Redundant Logic Cells                                               ; Off                ; Off                ;
; Remove Duplicate Registers                                                 ; On                 ; On                 ;
; Ignore CARRY Buffers                                                       ; Off                ; Off                ;
; Ignore CASCADE Buffers                                                     ; Off                ; Off                ;
; Ignore GLOBAL Buffers                                                      ; Off                ; Off                ;
; Ignore ROW GLOBAL Buffers                                                  ; Off                ; Off                ;
; Ignore LCELL Buffers                                                       ; Off                ; Off                ;
; Ignore SOFT Buffers                                                        ; On                 ; On                 ;
; Limit AHDL Integers to 32 Bits                                             ; Off                ; Off                ;
; Optimization Technique                                                     ; Balanced           ; Balanced           ;
; Carry Chain Length                                                         ; 70                 ; 70                 ;
; Auto Carry Chains                                                          ; On                 ; On                 ;
; Auto Open-Drain Pins                                                       ; On                 ; On                 ;
; Perform WYSIWYG Primitive Resynthesis                                      ; Off                ; Off                ;
; Auto ROM Replacement                                                       ; On                 ; On                 ;
; Auto RAM Replacement                                                       ; On                 ; On                 ;
; Auto DSP Block Replacement                                                 ; On                 ; On                 ;
; Auto Shift Register Replacement                                            ; Auto               ; Auto               ;
; Allow Shift Register Merging across Hierarchies                            ; Auto               ; Auto               ;
; Auto Clock Enable Replacement                                              ; On                 ; On                 ;
; Strict RAM Replacement                                                     ; Off                ; Off                ;
; Allow Synchronous Control Signals                                          ; On                 ; On                 ;
; Force Use of Synchronous Clear Signals                                     ; Off                ; Off                ;
; Auto RAM Block Balancing                                                   ; On                 ; On                 ;
; Auto RAM to Logic Cell Conversion                                          ; Off                ; Off                ;
; Auto Resource Sharing                                                      ; Off                ; Off                ;
; Allow Any RAM Size For Recognition                                         ; Off                ; Off                ;
; Allow Any ROM Size For Recognition                                         ; Off                ; Off                ;
; Allow Any Shift Register Size For Recognition                              ; Off                ; Off                ;
; Use LogicLock Constraints during Resource Balancing                        ; On                 ; On                 ;
; Ignore translate_off and synthesis_off directives                          ; Off                ; Off                ;
; Timing-Driven Synthesis                                                    ; On                 ; On                 ;
; Report Parameter Settings                                                  ; On                 ; On                 ;
; Report Source Assignments                                                  ; On                 ; On                 ;
; Report Connectivity Checks                                                 ; On                 ; On                 ;
; Ignore Maximum Fan-Out Assignments                                         ; Off                ; Off                ;
; Synchronization Register Chain Length                                      ; 2                  ; 2                  ;
; PowerPlay Power Optimization                                               ; Normal compilation ; Normal compilation ;
; HDL message level                                                          ; Level2             ; Level2             ;
; Suppress Register Optimization Related Messages                            ; Off                ; Off                ;
; Number of Removed Registers Reported in Synthesis Report                   ; 5000               ; 5000               ;
; Number of Swept Nodes Reported in Synthesis Report                         ; 5000               ; 5000               ;
; Number of Inverted Registers Reported in Synthesis Report                  ; 100                ; 100                ;
; Clock MUX Protection                                                       ; On                 ; On                 ;
; Auto Gated Clock Conversion                                                ; Off                ; Off                ;
; Block Design Naming                                                        ; Auto               ; Auto               ;
; SDC constraint protection                                                  ; Off                ; Off                ;
; Synthesis Effort                                                           ; Auto               ; Auto               ;
; Shift Register Replacement - Allow Asynchronous Clear Signal               ; On                 ; On                 ;
; Pre-Mapping Resynthesis Optimization                                       ; Off                ; Off                ;
; Analysis & Synthesis Message Level                                         ; Medium             ; Medium             ;
; Disable Register Merging Across Hierarchies                                ; Auto               ; Auto               ;
; Resource Aware Inference For Block RAM                                     ; On                 ; On                 ;
; Synthesis Seed                                                             ; 1                  ; 1                  ;
+----------------------------------------------------------------------------+--------------------+--------------------+


Parallel compilation was disabled, but you have multiple processors available. Enable parallel compilation to reduce compilation time.
+-------------------------------------+
; Parallel Compilation                ;
+----------------------------+--------+
; Processors                 ; Number ;
+----------------------------+--------+
; Number detected on machine ; 8      ;
; Maximum allowed            ; 1      ;
+----------------------------+--------+


+-------------------------------------------------------------------------------------------------------------------------------------------------------------------------------+
; Analysis & Synthesis Source Files Read                                                                                                                                        ;
+----------------------------------+-----------------+------------------------------------+---------------------------------------------------------------------------+---------+
; File Name with User-Entered Path ; Used in Netlist ; File Type                          ; File Name with Absolute Path                                              ; Library ;
+----------------------------------+-----------------+------------------------------------+---------------------------------------------------------------------------+---------+
; lpm_add_sub0.vhd                 ; yes             ; User Wizard-Generated File         ; C:/altera/13.0sp1/projects/calcula_seno/lpm_add_sub0.vhd                  ;         ;
; lpm_mult0.vhd                    ; yes             ; User Wizard-Generated File         ; C:/altera/13.0sp1/projects/calcula_seno/lpm_mult0.vhd                     ;         ;
; lpm_add_sub1.vhd                 ; yes             ; User Wizard-Generated File         ; C:/altera/13.0sp1/projects/calcula_seno/lpm_add_sub1.vhd                  ;         ;
; lpm_divide0.vhd                  ; yes             ; User Wizard-Generated File         ; C:/altera/13.0sp1/projects/calcula_seno/lpm_divide0.vhd                   ;         ;
; lpm_constant0.vhd                ; yes             ; User Wizard-Generated File         ; C:/altera/13.0sp1/projects/calcula_seno/lpm_constant0.vhd                 ;         ;
; lpm_constant1.vhd                ; yes             ; User Wizard-Generated File         ; C:/altera/13.0sp1/projects/calcula_seno/lpm_constant1.vhd                 ;         ;
; calcula_seno.bdf                 ; yes             ; User Block Diagram/Schematic File  ; C:/altera/13.0sp1/projects/calcula_seno/calcula_seno.bdf                  ;         ;
; lpm_counter0.vhd                 ; yes             ; User Wizard-Generated File         ; C:/altera/13.0sp1/projects/calcula_seno/lpm_counter0.vhd                  ;         ;
; lpm_add_sub.tdf                  ; yes             ; Megafunction                       ; c:/altera/13.0sp1/quartus/libraries/megafunctions/lpm_add_sub.tdf         ;         ;
; addcore.inc                      ; yes             ; Megafunction                       ; c:/altera/13.0sp1/quartus/libraries/megafunctions/addcore.inc             ;         ;
; look_add.inc                     ; yes             ; Megafunction                       ; c:/altera/13.0sp1/quartus/libraries/megafunctions/look_add.inc            ;         ;
; bypassff.inc                     ; yes             ; Megafunction                       ; c:/altera/13.0sp1/quartus/libraries/megafunctions/bypassff.inc            ;         ;
; altshift.inc                     ; yes             ; Megafunction                       ; c:/altera/13.0sp1/quartus/libraries/megafunctions/altshift.inc            ;         ;
; alt_stratix_add_sub.inc          ; yes             ; Megafunction                       ; c:/altera/13.0sp1/quartus/libraries/megafunctions/alt_stratix_add_sub.inc ;         ;
; aglobal130.inc                   ; yes             ; Megafunction                       ; c:/altera/13.0sp1/quartus/libraries/megafunctions/aglobal130.inc          ;         ;
; db/add_sub_3oh.tdf               ; yes             ; Auto-Generated Megafunction        ; C:/altera/13.0sp1/projects/calcula_seno/db/add_sub_3oh.tdf                ;         ;
; lpm_divide.tdf                   ; yes             ; Megafunction                       ; c:/altera/13.0sp1/quartus/libraries/megafunctions/lpm_divide.tdf          ;         ;
; abs_divider.inc                  ; yes             ; Megafunction                       ; c:/altera/13.0sp1/quartus/libraries/megafunctions/abs_divider.inc         ;         ;
; sign_div_unsign.inc              ; yes             ; Megafunction                       ; c:/altera/13.0sp1/quartus/libraries/megafunctions/sign_div_unsign.inc     ;         ;
; db/lpm_divide_uop.tdf            ; yes             ; Auto-Generated Megafunction        ; C:/altera/13.0sp1/projects/calcula_seno/db/lpm_divide_uop.tdf             ;         ;
; db/sign_div_unsign_d9h.tdf       ; yes             ; Auto-Generated Megafunction        ; C:/altera/13.0sp1/projects/calcula_seno/db/sign_div_unsign_d9h.tdf        ;         ;
; db/alt_u_div_kef.tdf             ; yes             ; Auto-Generated Megafunction        ; C:/altera/13.0sp1/projects/calcula_seno/db/alt_u_div_kef.tdf              ;         ;
; db/add_sub_1tc.tdf               ; yes             ; Auto-Generated Megafunction        ; C:/altera/13.0sp1/projects/calcula_seno/db/add_sub_1tc.tdf                ;         ;
; db/add_sub_2tc.tdf               ; yes             ; Auto-Generated Megafunction        ; C:/altera/13.0sp1/projects/calcula_seno/db/add_sub_2tc.tdf                ;         ;
; lpm_mult.tdf                     ; yes             ; Megafunction                       ; c:/altera/13.0sp1/quartus/libraries/megafunctions/lpm_mult.tdf            ;         ;
; lpm_add_sub.inc                  ; yes             ; Megafunction                       ; c:/altera/13.0sp1/quartus/libraries/megafunctions/lpm_add_sub.inc         ;         ;
; multcore.inc                     ; yes             ; Megafunction                       ; c:/altera/13.0sp1/quartus/libraries/megafunctions/multcore.inc            ;         ;
; db/mult_gcn.tdf                  ; yes             ; Auto-Generated Megafunction        ; C:/altera/13.0sp1/projects/calcula_seno/db/mult_gcn.tdf                   ;         ;
; db/add_sub_2nh.tdf               ; yes             ; Auto-Generated Megafunction        ; C:/altera/13.0sp1/projects/calcula_seno/db/add_sub_2nh.tdf                ;         ;
; lpm_counter.tdf                  ; yes             ; Megafunction                       ; c:/altera/13.0sp1/quartus/libraries/megafunctions/lpm_counter.tdf         ;         ;
; lpm_constant.inc                 ; yes             ; Megafunction                       ; c:/altera/13.0sp1/quartus/libraries/megafunctions/lpm_constant.inc        ;         ;
; lpm_decode.inc                   ; yes             ; Megafunction                       ; c:/altera/13.0sp1/quartus/libraries/megafunctions/lpm_decode.inc          ;         ;
; cmpconst.inc                     ; yes             ; Megafunction                       ; c:/altera/13.0sp1/quartus/libraries/megafunctions/cmpconst.inc            ;         ;
; lpm_compare.inc                  ; yes             ; Megafunction                       ; c:/altera/13.0sp1/quartus/libraries/megafunctions/lpm_compare.inc         ;         ;
; lpm_counter.inc                  ; yes             ; Megafunction                       ; c:/altera/13.0sp1/quartus/libraries/megafunctions/lpm_counter.inc         ;         ;
; dffeea.inc                       ; yes             ; Megafunction                       ; c:/altera/13.0sp1/quartus/libraries/megafunctions/dffeea.inc              ;         ;
; alt_counter_stratix.inc          ; yes             ; Megafunction                       ; c:/altera/13.0sp1/quartus/libraries/megafunctions/alt_counter_stratix.inc ;         ;
; db/cntr_8th.tdf                  ; yes             ; Auto-Generated Megafunction        ; C:/altera/13.0sp1/projects/calcula_seno/db/cntr_8th.tdf                   ;         ;
+----------------------------------+-----------------+------------------------------------+---------------------------------------------------------------------------+---------+


+--------------------------------------------------------------------------------------------------------+
; Analysis & Synthesis Resource Usage Summary                                                            ;
+--------------------------+-----------------------------------------------------------------------------+
; Resource                 ; Usage                                                                       ;
+--------------------------+-----------------------------------------------------------------------------+
; I/O pins                 ; 169                                                                         ;
; DSP block 9-bit elements ; 22                                                                          ;
; Maximum fan-out node     ; lpm_mult0:inst2|lpm_mult:lpm_mult_component|mult_gcn:auto_generated|op_1~90 ;
; Maximum fan-out          ; 147                                                                         ;
; Total fan-out            ; 16743                                                                       ;
; Average fan-out          ; 2.44                                                                        ;
+--------------------------+-----------------------------------------------------------------------------+


+------------------------------------------------------------------------------------------------------------------------------------------------------------------------------------------------------------------------------------------------------------------------------------------------------------------------------------+
; Analysis & Synthesis Resource Utilization by Entity                                                                                                                                                                                                                                                                                ;
+-------------------------------------------+-------------------+--------------+-------------+--------------+---------+-----------+-----------+------+--------------+-------------------------------------------------------------------------------------------------------------------------------------------------+--------------+
; Compilation Hierarchy Node                ; LC Combinationals ; LC Registers ; Memory Bits ; DSP Elements ; DSP 9x9 ; DSP 18x18 ; DSP 36x36 ; Pins ; Virtual Pins ; Full Hierarchy Name                                                                                                                             ; Library Name ;
+-------------------------------------------+-------------------+--------------+-------------+--------------+---------+-----------+-----------+------+--------------+-------------------------------------------------------------------------------------------------------------------------------------------------+--------------+
; |calcula_seno                             ; 6492 (0)          ; 8 (0)        ; 0           ; 22           ; 0       ; 11        ; 0         ; 169  ; 0            ; |calcula_seno                                                                                                                                   ; work         ;
;    |lpm_add_sub0:inst|                    ; 32 (0)            ; 0 (0)        ; 0           ; 0            ; 0       ; 0         ; 0         ; 0    ; 0            ; |calcula_seno|lpm_add_sub0:inst                                                                                                                 ; work         ;
;       |lpm_add_sub:LPM_ADD_SUB_component| ; 32 (0)            ; 0 (0)        ; 0           ; 0            ; 0       ; 0         ; 0         ; 0    ; 0            ; |calcula_seno|lpm_add_sub0:inst|lpm_add_sub:LPM_ADD_SUB_component                                                                               ; work         ;
;          |add_sub_2nh:auto_generated|     ; 32 (32)           ; 0 (0)        ; 0           ; 0            ; 0       ; 0         ; 0         ; 0    ; 0            ; |calcula_seno|lpm_add_sub0:inst|lpm_add_sub:LPM_ADD_SUB_component|add_sub_2nh:auto_generated                                                    ; work         ;
;    |lpm_add_sub1:inst10|                  ; 32 (0)            ; 0 (0)        ; 0           ; 0            ; 0       ; 0         ; 0         ; 0    ; 0            ; |calcula_seno|lpm_add_sub1:inst10                                                                                                               ; work         ;
;       |lpm_add_sub:LPM_ADD_SUB_component| ; 32 (0)            ; 0 (0)        ; 0           ; 0            ; 0       ; 0         ; 0         ; 0    ; 0            ; |calcula_seno|lpm_add_sub1:inst10|lpm_add_sub:LPM_ADD_SUB_component                                                                             ; work         ;
;          |add_sub_3oh:auto_generated|     ; 32 (32)           ; 0 (0)        ; 0           ; 0            ; 0       ; 0         ; 0         ; 0    ; 0            ; |calcula_seno|lpm_add_sub1:inst10|lpm_add_sub:LPM_ADD_SUB_component|add_sub_3oh:auto_generated                                                  ; work         ;
;    |lpm_counter0:inst8|                   ; 8 (0)             ; 8 (0)        ; 0           ; 0            ; 0       ; 0         ; 0         ; 0    ; 0            ; |calcula_seno|lpm_counter0:inst8                                                                                                                ; work         ;
;       |lpm_counter:LPM_COUNTER_component| ; 8 (0)             ; 8 (0)        ; 0           ; 0            ; 0       ; 0         ; 0         ; 0    ; 0            ; |calcula_seno|lpm_counter0:inst8|lpm_counter:LPM_COUNTER_component                                                                              ; work         ;
;          |cntr_8th:auto_generated|        ; 8 (8)             ; 8 (8)        ; 0           ; 0            ; 0       ; 0         ; 0         ; 0    ; 0            ; |calcula_seno|lpm_counter0:inst8|lpm_counter:LPM_COUNTER_component|cntr_8th:auto_generated                                                      ; work         ;
;    |lpm_divide0:inst4|                    ; 3439 (0)          ; 0 (0)        ; 0           ; 0            ; 0       ; 0         ; 0         ; 0    ; 0            ; |calcula_seno|lpm_divide0:inst4                                                                                                                 ; work         ;
;       |lpm_divide:LPM_DIVIDE_component|   ; 3439 (0)          ; 0 (0)        ; 0           ; 0            ; 0       ; 0         ; 0         ; 0    ; 0            ; |calcula_seno|lpm_divide0:inst4|lpm_divide:LPM_DIVIDE_component                                                                                 ; work         ;
;          |lpm_divide_uop:auto_generated|  ; 3439 (0)          ; 0 (0)        ; 0           ; 0            ; 0       ; 0         ; 0         ; 0    ; 0            ; |calcula_seno|lpm_divide0:inst4|lpm_divide:LPM_DIVIDE_component|lpm_divide_uop:auto_generated                                                   ; work         ;
;             |sign_div_unsign_d9h:divider| ; 3439 (89)         ; 0 (0)        ; 0           ; 0            ; 0       ; 0         ; 0         ; 0    ; 0            ; |calcula_seno|lpm_divide0:inst4|lpm_divide:LPM_DIVIDE_component|lpm_divide_uop:auto_generated|sign_div_unsign_d9h:divider                       ; work         ;
;                |alt_u_div_kef:divider|    ; 3350 (3350)       ; 0 (0)        ; 0           ; 0            ; 0       ; 0         ; 0         ; 0    ; 0            ; |calcula_seno|lpm_divide0:inst4|lpm_divide:LPM_DIVIDE_component|lpm_divide_uop:auto_generated|sign_div_unsign_d9h:divider|alt_u_div_kef:divider ; work         ;
;    |lpm_divide0:inst7|                    ; 2769 (0)          ; 0 (0)        ; 0           ; 0            ; 0       ; 0         ; 0         ; 0    ; 0            ; |calcula_seno|lpm_divide0:inst7                                                                                                                 ; work         ;
;       |lpm_divide:LPM_DIVIDE_component|   ; 2769 (0)          ; 0 (0)        ; 0           ; 0            ; 0       ; 0         ; 0         ; 0    ; 0            ; |calcula_seno|lpm_divide0:inst7|lpm_divide:LPM_DIVIDE_component                                                                                 ; work         ;
;          |lpm_divide_uop:auto_generated|  ; 2769 (0)          ; 0 (0)        ; 0           ; 0            ; 0       ; 0         ; 0         ; 0    ; 0            ; |calcula_seno|lpm_divide0:inst7|lpm_divide:LPM_DIVIDE_component|lpm_divide_uop:auto_generated                                                   ; work         ;
;             |sign_div_unsign_d9h:divider| ; 2769 (85)         ; 0 (0)        ; 0           ; 0            ; 0       ; 0         ; 0         ; 0    ; 0            ; |calcula_seno|lpm_divide0:inst7|lpm_divide:LPM_DIVIDE_component|lpm_divide_uop:auto_generated|sign_div_unsign_d9h:divider                       ; work         ;
;                |alt_u_div_kef:divider|    ; 2684 (2684)       ; 0 (0)        ; 0           ; 0            ; 0       ; 0         ; 0         ; 0    ; 0            ; |calcula_seno|lpm_divide0:inst7|lpm_divide:LPM_DIVIDE_component|lpm_divide_uop:auto_generated|sign_div_unsign_d9h:divider|alt_u_div_kef:divider ; work         ;
;    |lpm_mult0:inst1|                      ; 28 (0)            ; 0 (0)        ; 0           ; 6            ; 0       ; 3         ; 0         ; 0    ; 0            ; |calcula_seno|lpm_mult0:inst1                                                                                                                   ; work         ;
;       |lpm_mult:lpm_mult_component|       ; 28 (0)            ; 0 (0)        ; 0           ; 6            ; 0       ; 3         ; 0         ; 0    ; 0            ; |calcula_seno|lpm_mult0:inst1|lpm_mult:lpm_mult_component                                                                                       ; work         ;
;          |mult_gcn:auto_generated|        ; 28 (28)           ; 0 (0)        ; 0           ; 6            ; 0       ; 3         ; 0         ; 0    ; 0            ; |calcula_seno|lpm_mult0:inst1|lpm_mult:lpm_mult_component|mult_gcn:auto_generated                                                               ; work         ;
;    |lpm_mult0:inst2|                      ; 92 (0)            ; 0 (0)        ; 0           ; 8            ; 0       ; 4         ; 0         ; 0    ; 0            ; |calcula_seno|lpm_mult0:inst2                                                                                                                   ; work         ;
;       |lpm_mult:lpm_mult_component|       ; 92 (0)            ; 0 (0)        ; 0           ; 8            ; 0       ; 4         ; 0         ; 0    ; 0            ; |calcula_seno|lpm_mult0:inst2|lpm_mult:lpm_mult_component                                                                                       ; work         ;
;          |mult_gcn:auto_generated|        ; 92 (92)           ; 0 (0)        ; 0           ; 8            ; 0       ; 4         ; 0         ; 0    ; 0            ; |calcula_seno|lpm_mult0:inst2|lpm_mult:lpm_mult_component|mult_gcn:auto_generated                                                               ; work         ;
;    |lpm_mult0:inst3|                      ; 92 (0)            ; 0 (0)        ; 0           ; 8            ; 0       ; 4         ; 0         ; 0    ; 0            ; |calcula_seno|lpm_mult0:inst3                                                                                                                   ; work         ;
;       |lpm_mult:lpm_mult_component|       ; 92 (0)            ; 0 (0)        ; 0           ; 8            ; 0       ; 4         ; 0         ; 0    ; 0            ; |calcula_seno|lpm_mult0:inst3|lpm_mult:lpm_mult_component                                                                                       ; work         ;
;          |mult_gcn:auto_generated|        ; 92 (92)           ; 0 (0)        ; 0           ; 8            ; 0       ; 4         ; 0         ; 0    ; 0            ; |calcula_seno|lpm_mult0:inst3|lpm_mult:lpm_mult_component|mult_gcn:auto_generated                                                               ; work         ;
+-------------------------------------------+-------------------+--------------+-------------+--------------+---------+-----------+-----------+------+--------------+-------------------------------------------------------------------------------------------------------------------------------------------------+--------------+
Note: For table entries with two numbers listed, the numbers in parentheses indicate the number of resources of the given type used by the specific entity alone. The numbers listed outside of parentheses indicate the total resources of the given type used by the specific entity and all of its sub-entities in the hierarchy.


+-----------------------------------------------------+
; Analysis & Synthesis DSP Block Usage Summary        ;
+---------------------------------------+-------------+
; Statistic                             ; Number Used ;
+---------------------------------------+-------------+
; Simple Multipliers (9-bit)            ; 0           ;
; Simple Multipliers (18-bit)           ; 11          ;
; Simple Multipliers (36-bit)           ; 0           ;
; Multiply Accumulators (18-bit)        ; 0           ;
; Two-Multipliers Adders (9-bit)        ; 0           ;
; Two-Multipliers Adders (18-bit)       ; 0           ;
; Four-Multipliers Adders (9-bit)       ; 0           ;
; Four-Multipliers Adders (18-bit)      ; 0           ;
; Embedded Multiplier Blocks            ; --          ;
; Embedded Multiplier 9-bit elements    ; 22          ;
; Signed Embedded Multipliers           ; 2           ;
; Unsigned Embedded Multipliers         ; 3           ;
; Mixed Sign Embedded Multipliers       ; 6           ;
; Variable Sign Embedded Multipliers    ; 0           ;
; Dedicated Input Shift Register Chains ; 0           ;
+---------------------------------------+-------------+
Note: number of Embedded Multiplier Blocks used is only available after a successful fit.


+---------------------------------------------------------------------------------------------------------------------------------------------------------------+
; Analysis & Synthesis IP Cores Summary                                                                                                                         ;
+--------+--------------+---------+--------------+--------------+-----------------------------------+-----------------------------------------------------------+
; Vendor ; IP Core Name ; Version ; Release Date ; License Type ; Entity Instance                   ; IP Include File                                           ;
+--------+--------------+---------+--------------+--------------+-----------------------------------+-----------------------------------------------------------+
; Altera ; LPM_ADD_SUB  ; 13.0    ; N/A          ; N/A          ; |calcula_seno|lpm_add_sub0:inst   ; C:/altera/13.0sp1/projects/calcula_seno/lpm_add_sub0.vhd  ;
; Altera ; LPM_MULT     ; 13.0    ; N/A          ; N/A          ; |calcula_seno|lpm_mult0:inst1     ; C:/altera/13.0sp1/projects/calcula_seno/lpm_mult0.vhd     ;
; Altera ; LPM_MULT     ; 13.0    ; N/A          ; N/A          ; |calcula_seno|lpm_mult0:inst2     ; C:/altera/13.0sp1/projects/calcula_seno/lpm_mult0.vhd     ;
; Altera ; LPM_MULT     ; 13.0    ; N/A          ; N/A          ; |calcula_seno|lpm_mult0:inst3     ; C:/altera/13.0sp1/projects/calcula_seno/lpm_mult0.vhd     ;
; Altera ; LPM_DIVIDE   ; 13.0    ; N/A          ; N/A          ; |calcula_seno|lpm_divide0:inst4   ; C:/altera/13.0sp1/projects/calcula_seno/lpm_divide0.vhd   ;
; Altera ; LPM_CONSTANT ; 13.0    ; N/A          ; N/A          ; |calcula_seno|lpm_constant0:inst5 ; C:/altera/13.0sp1/projects/calcula_seno/lpm_constant0.vhd ;
; Altera ; LPM_CONSTANT ; 13.0    ; N/A          ; N/A          ; |calcula_seno|lpm_constant1:inst6 ; C:/altera/13.0sp1/projects/calcula_seno/lpm_constant1.vhd ;
; Altera ; LPM_DIVIDE   ; 13.0    ; N/A          ; N/A          ; |calcula_seno|lpm_divide0:inst7   ; C:/altera/13.0sp1/projects/calcula_seno/lpm_divide0.vhd   ;
; Altera ; LPM_COUNTER  ; 13.0    ; N/A          ; N/A          ; |calcula_seno|lpm_counter0:inst8  ; C:/altera/13.0sp1/projects/calcula_seno/lpm_counter0.vhd  ;
; Altera ; LPM_ADD_SUB  ; 13.0    ; N/A          ; N/A          ; |calcula_seno|lpm_add_sub1:inst10 ; C:/altera/13.0sp1/projects/calcula_seno/lpm_add_sub1.vhd  ;
+--------+--------------+---------+--------------+--------------+-----------------------------------+-----------------------------------------------------------+


+------------------------------------------------------+
; General Register Statistics                          ;
+----------------------------------------------+-------+
; Statistic                                    ; Value ;
+----------------------------------------------+-------+
; Total registers                              ; 8     ;
; Number of registers using Synchronous Clear  ; 0     ;
; Number of registers using Synchronous Load   ; 0     ;
; Number of registers using Asynchronous Clear ; 0     ;
; Number of registers using Asynchronous Load  ; 0     ;
; Number of registers using Clock Enable       ; 0     ;
; Number of registers using Preset             ; 0     ;
+----------------------------------------------+-------+


+----------------------------------------------------------------------------------------------------+
; Parameter Settings for User Entity Instance: lpm_add_sub1:inst10|lpm_add_sub:LPM_ADD_SUB_component ;
+------------------------+---------------+-----------------------------------------------------------+
; Parameter Name         ; Value         ; Type                                                      ;
+------------------------+---------------+-----------------------------------------------------------+
; LPM_WIDTH              ; 32            ; Signed Integer                                            ;
; LPM_REPRESENTATION     ; SIGNED        ; Untyped                                                   ;
; LPM_DIRECTION          ; SUB           ; Untyped                                                   ;
; ONE_INPUT_IS_CONSTANT  ; NO            ; Untyped                                                   ;
; LPM_PIPELINE           ; 0             ; Untyped                                                   ;
; MAXIMIZE_SPEED         ; 5             ; Untyped                                                   ;
; REGISTERED_AT_END      ; 0             ; Untyped                                                   ;
; OPTIMIZE_FOR_SPEED     ; 5             ; Untyped                                                   ;
; USE_CS_BUFFERS         ; 1             ; Untyped                                                   ;
; CARRY_CHAIN            ; MANUAL        ; Untyped                                                   ;
; CARRY_CHAIN_LENGTH     ; 48            ; CARRY_CHAIN_LENGTH                                        ;
; DEVICE_FAMILY          ; Cyclone IV GX ; Untyped                                                   ;
; USE_WYS                ; OFF           ; Untyped                                                   ;
; STYLE                  ; FAST          ; Untyped                                                   ;
; CBXI_PARAMETER         ; add_sub_3oh   ; Untyped                                                   ;
; AUTO_CARRY_CHAINS      ; ON            ; AUTO_CARRY                                                ;
; IGNORE_CARRY_BUFFERS   ; OFF           ; IGNORE_CARRY                                              ;
; AUTO_CASCADE_CHAINS    ; ON            ; AUTO_CASCADE                                              ;
; IGNORE_CASCADE_BUFFERS ; OFF           ; IGNORE_CASCADE                                            ;
+------------------------+---------------+-----------------------------------------------------------+
Note: In order to hide this table in the UI and the text report file, please set the "Show Parameter Settings in Synthesis Report" option in "Analysis and Synthesis Settings -> More Settings" to "Off".


+------------------------------------------------------------------------------------------------+
; Parameter Settings for User Entity Instance: lpm_divide0:inst4|lpm_divide:LPM_DIVIDE_component ;
+------------------------+----------------+------------------------------------------------------+
; Parameter Name         ; Value          ; Type                                                 ;
+------------------------+----------------+------------------------------------------------------+
; LPM_WIDTHN             ; 64             ; Signed Integer                                       ;
; LPM_WIDTHD             ; 64             ; Signed Integer                                       ;
; LPM_NREPRESENTATION    ; SIGNED         ; Untyped                                              ;
; LPM_DREPRESENTATION    ; SIGNED         ; Untyped                                              ;
; LPM_PIPELINE           ; 0              ; Untyped                                              ;
; LPM_REMAINDERPOSITIVE  ; TRUE           ; Untyped                                              ;
; MAXIMIZE_SPEED         ; 5              ; Untyped                                              ;
; CBXI_PARAMETER         ; lpm_divide_uop ; Untyped                                              ;
; CARRY_CHAIN            ; MANUAL         ; Untyped                                              ;
; OPTIMIZE_FOR_SPEED     ; 5              ; Untyped                                              ;
; AUTO_CARRY_CHAINS      ; ON             ; AUTO_CARRY                                           ;
; IGNORE_CARRY_BUFFERS   ; OFF            ; IGNORE_CARRY                                         ;
; AUTO_CASCADE_CHAINS    ; ON             ; AUTO_CASCADE                                         ;
; IGNORE_CASCADE_BUFFERS ; OFF            ; IGNORE_CASCADE                                       ;
+------------------------+----------------+------------------------------------------------------+
Note: In order to hide this table in the UI and the text report file, please set the "Show Parameter Settings in Synthesis Report" option in "Analysis and Synthesis Settings -> More Settings" to "Off".


+------------------------------------------------------------------------------------------+
; Parameter Settings for User Entity Instance: lpm_mult0:inst2|lpm_mult:lpm_mult_component ;
+------------------------------------------------+---------------+-------------------------+
; Parameter Name                                 ; Value         ; Type                    ;
+------------------------------------------------+---------------+-------------------------+
; AUTO_CARRY_CHAINS                              ; ON            ; AUTO_CARRY              ;
; IGNORE_CARRY_BUFFERS                           ; OFF           ; IGNORE_CARRY            ;
; AUTO_CASCADE_CHAINS                            ; ON            ; AUTO_CASCADE            ;
; IGNORE_CASCADE_BUFFERS                         ; OFF           ; IGNORE_CASCADE          ;
; LPM_WIDTHA                                     ; 32            ; Signed Integer          ;
; LPM_WIDTHB                                     ; 32            ; Signed Integer          ;
; LPM_WIDTHP                                     ; 64            ; Signed Integer          ;
; LPM_WIDTHR                                     ; 0             ; Untyped                 ;
; LPM_WIDTHS                                     ; 1             ; Untyped                 ;
; LPM_REPRESENTATION                             ; SIGNED        ; Untyped                 ;
; LPM_PIPELINE                                   ; 0             ; Untyped                 ;
; LATENCY                                        ; 0             ; Untyped                 ;
; INPUT_A_IS_CONSTANT                            ; NO            ; Untyped                 ;
; INPUT_B_IS_CONSTANT                            ; NO            ; Untyped                 ;
; USE_EAB                                        ; OFF           ; Untyped                 ;
; MAXIMIZE_SPEED                                 ; 5             ; Untyped                 ;
; DEVICE_FAMILY                                  ; Cyclone IV GX ; Untyped                 ;
; CARRY_CHAIN                                    ; MANUAL        ; Untyped                 ;
; APEX20K_TECHNOLOGY_MAPPER                      ; LUT           ; TECH_MAPPER_APEX20K     ;
; DEDICATED_MULTIPLIER_CIRCUITRY                 ; AUTO          ; Untyped                 ;
; DEDICATED_MULTIPLIER_MIN_INPUT_WIDTH_FOR_AUTO  ; 0             ; Untyped                 ;
; DEDICATED_MULTIPLIER_MIN_OUTPUT_WIDTH_FOR_AUTO ; 0             ; Untyped                 ;
; CBXI_PARAMETER                                 ; mult_gcn      ; Untyped                 ;
; INPUT_A_FIXED_VALUE                            ; Bx            ; Untyped                 ;
; INPUT_B_FIXED_VALUE                            ; Bx            ; Untyped                 ;
; USE_AHDL_IMPLEMENTATION                        ; OFF           ; Untyped                 ;
+------------------------------------------------+---------------+-------------------------+
Note: In order to hide this table in the UI and the text report file, please set the "Show Parameter Settings in Synthesis Report" option in "Analysis and Synthesis Settings -> More Settings" to "Off".


+------------------------------------------------------------------------------------------+
; Parameter Settings for User Entity Instance: lpm_mult0:inst1|lpm_mult:lpm_mult_component ;
+------------------------------------------------+---------------+-------------------------+
; Parameter Name                                 ; Value         ; Type                    ;
+------------------------------------------------+---------------+-------------------------+
; AUTO_CARRY_CHAINS                              ; ON            ; AUTO_CARRY              ;
; IGNORE_CARRY_BUFFERS                           ; OFF           ; IGNORE_CARRY            ;
; AUTO_CASCADE_CHAINS                            ; ON            ; AUTO_CASCADE            ;
; IGNORE_CASCADE_BUFFERS                         ; OFF           ; IGNORE_CASCADE          ;
; LPM_WIDTHA                                     ; 32            ; Signed Integer          ;
; LPM_WIDTHB                                     ; 32            ; Signed Integer          ;
; LPM_WIDTHP                                     ; 64            ; Signed Integer          ;
; LPM_WIDTHR                                     ; 0             ; Untyped                 ;
; LPM_WIDTHS                                     ; 1             ; Untyped                 ;
; LPM_REPRESENTATION                             ; SIGNED        ; Untyped                 ;
; LPM_PIPELINE                                   ; 0             ; Untyped                 ;
; LATENCY                                        ; 0             ; Untyped                 ;
; INPUT_A_IS_CONSTANT                            ; NO            ; Untyped                 ;
; INPUT_B_IS_CONSTANT                            ; NO            ; Untyped                 ;
; USE_EAB                                        ; OFF           ; Untyped                 ;
; MAXIMIZE_SPEED                                 ; 5             ; Untyped                 ;
; DEVICE_FAMILY                                  ; Cyclone IV GX ; Untyped                 ;
; CARRY_CHAIN                                    ; MANUAL        ; Untyped                 ;
; APEX20K_TECHNOLOGY_MAPPER                      ; LUT           ; TECH_MAPPER_APEX20K     ;
; DEDICATED_MULTIPLIER_CIRCUITRY                 ; AUTO          ; Untyped                 ;
; DEDICATED_MULTIPLIER_MIN_INPUT_WIDTH_FOR_AUTO  ; 0             ; Untyped                 ;
; DEDICATED_MULTIPLIER_MIN_OUTPUT_WIDTH_FOR_AUTO ; 0             ; Untyped                 ;
; CBXI_PARAMETER                                 ; mult_gcn      ; Untyped                 ;
; INPUT_A_FIXED_VALUE                            ; Bx            ; Untyped                 ;
; INPUT_B_FIXED_VALUE                            ; Bx            ; Untyped                 ;
; USE_AHDL_IMPLEMENTATION                        ; OFF           ; Untyped                 ;
+------------------------------------------------+---------------+-------------------------+
Note: In order to hide this table in the UI and the text report file, please set the "Show Parameter Settings in Synthesis Report" option in "Analysis and Synthesis Settings -> More Settings" to "Off".


+------------------------------------------------------------------------------------------------+
; Parameter Settings for User Entity Instance: lpm_divide0:inst7|lpm_divide:LPM_DIVIDE_component ;
+------------------------+----------------+------------------------------------------------------+
; Parameter Name         ; Value          ; Type                                                 ;
+------------------------+----------------+------------------------------------------------------+
; LPM_WIDTHN             ; 64             ; Signed Integer                                       ;
; LPM_WIDTHD             ; 64             ; Signed Integer                                       ;
; LPM_NREPRESENTATION    ; SIGNED         ; Untyped                                              ;
; LPM_DREPRESENTATION    ; SIGNED         ; Untyped                                              ;
; LPM_PIPELINE           ; 0              ; Untyped                                              ;
; LPM_REMAINDERPOSITIVE  ; TRUE           ; Untyped                                              ;
; MAXIMIZE_SPEED         ; 5              ; Untyped                                              ;
; CBXI_PARAMETER         ; lpm_divide_uop ; Untyped                                              ;
; CARRY_CHAIN            ; MANUAL         ; Untyped                                              ;
; OPTIMIZE_FOR_SPEED     ; 5              ; Untyped                                              ;
; AUTO_CARRY_CHAINS      ; ON             ; AUTO_CARRY                                           ;
; IGNORE_CARRY_BUFFERS   ; OFF            ; IGNORE_CARRY                                         ;
; AUTO_CASCADE_CHAINS    ; ON             ; AUTO_CASCADE                                         ;
; IGNORE_CASCADE_BUFFERS ; OFF            ; IGNORE_CASCADE                                       ;
+------------------------+----------------+------------------------------------------------------+
Note: In order to hide this table in the UI and the text report file, please set the "Show Parameter Settings in Synthesis Report" option in "Analysis and Synthesis Settings -> More Settings" to "Off".


+------------------------------------------------------------------------------------------+
; Parameter Settings for User Entity Instance: lpm_mult0:inst3|lpm_mult:lpm_mult_component ;
+------------------------------------------------+---------------+-------------------------+
; Parameter Name                                 ; Value         ; Type                    ;
+------------------------------------------------+---------------+-------------------------+
; AUTO_CARRY_CHAINS                              ; ON            ; AUTO_CARRY              ;
; IGNORE_CARRY_BUFFERS                           ; OFF           ; IGNORE_CARRY            ;
; AUTO_CASCADE_CHAINS                            ; ON            ; AUTO_CASCADE            ;
; IGNORE_CASCADE_BUFFERS                         ; OFF           ; IGNORE_CASCADE          ;
; LPM_WIDTHA                                     ; 32            ; Signed Integer          ;
; LPM_WIDTHB                                     ; 32            ; Signed Integer          ;
; LPM_WIDTHP                                     ; 64            ; Signed Integer          ;
; LPM_WIDTHR                                     ; 0             ; Untyped                 ;
; LPM_WIDTHS                                     ; 1             ; Untyped                 ;
; LPM_REPRESENTATION                             ; SIGNED        ; Untyped                 ;
; LPM_PIPELINE                                   ; 0             ; Untyped                 ;
; LATENCY                                        ; 0             ; Untyped                 ;
; INPUT_A_IS_CONSTANT                            ; NO            ; Untyped                 ;
; INPUT_B_IS_CONSTANT                            ; NO            ; Untyped                 ;
; USE_EAB                                        ; OFF           ; Untyped                 ;
; MAXIMIZE_SPEED                                 ; 5             ; Untyped                 ;
; DEVICE_FAMILY                                  ; Cyclone IV GX ; Untyped                 ;
; CARRY_CHAIN                                    ; MANUAL        ; Untyped                 ;
; APEX20K_TECHNOLOGY_MAPPER                      ; LUT           ; TECH_MAPPER_APEX20K     ;
; DEDICATED_MULTIPLIER_CIRCUITRY                 ; AUTO          ; Untyped                 ;
; DEDICATED_MULTIPLIER_MIN_INPUT_WIDTH_FOR_AUTO  ; 0             ; Untyped                 ;
; DEDICATED_MULTIPLIER_MIN_OUTPUT_WIDTH_FOR_AUTO ; 0             ; Untyped                 ;
; CBXI_PARAMETER                                 ; mult_gcn      ; Untyped                 ;
; INPUT_A_FIXED_VALUE                            ; Bx            ; Untyped                 ;
; INPUT_B_FIXED_VALUE                            ; Bx            ; Untyped                 ;
; USE_AHDL_IMPLEMENTATION                        ; OFF           ; Untyped                 ;
+------------------------------------------------+---------------+-------------------------+
Note: In order to hide this table in the UI and the text report file, please set the "Show Parameter Settings in Synthesis Report" option in "Analysis and Synthesis Settings -> More Settings" to "Off".


+--------------------------------------------------------------------------------------------------+
; Parameter Settings for User Entity Instance: lpm_add_sub0:inst|lpm_add_sub:LPM_ADD_SUB_component ;
+------------------------+---------------+---------------------------------------------------------+
; Parameter Name         ; Value         ; Type                                                    ;
+------------------------+---------------+---------------------------------------------------------+
; LPM_WIDTH              ; 32            ; Signed Integer                                          ;
; LPM_REPRESENTATION     ; SIGNED        ; Untyped                                                 ;
; LPM_DIRECTION          ; ADD           ; Untyped                                                 ;
; ONE_INPUT_IS_CONSTANT  ; NO            ; Untyped                                                 ;
; LPM_PIPELINE           ; 0             ; Untyped                                                 ;
; MAXIMIZE_SPEED         ; 5             ; Untyped                                                 ;
; REGISTERED_AT_END      ; 0             ; Untyped                                                 ;
; OPTIMIZE_FOR_SPEED     ; 5             ; Untyped                                                 ;
; USE_CS_BUFFERS         ; 1             ; Untyped                                                 ;
; CARRY_CHAIN            ; MANUAL        ; Untyped                                                 ;
; CARRY_CHAIN_LENGTH     ; 48            ; CARRY_CHAIN_LENGTH                                      ;
; DEVICE_FAMILY          ; Cyclone IV GX ; Untyped                                                 ;
; USE_WYS                ; OFF           ; Untyped                                                 ;
; STYLE                  ; FAST          ; Untyped                                                 ;
; CBXI_PARAMETER         ; add_sub_2nh   ; Untyped                                                 ;
; AUTO_CARRY_CHAINS      ; ON            ; AUTO_CARRY                                              ;
; IGNORE_CARRY_BUFFERS   ; OFF           ; IGNORE_CARRY                                            ;
; AUTO_CASCADE_CHAINS    ; ON            ; AUTO_CASCADE                                            ;
; IGNORE_CASCADE_BUFFERS ; OFF           ; IGNORE_CASCADE                                          ;
+------------------------+---------------+---------------------------------------------------------+
Note: In order to hide this table in the UI and the text report file, please set the "Show Parameter Settings in Synthesis Report" option in "Analysis and Synthesis Settings -> More Settings" to "Off".


+---------------------------------------------------------------------------------------------------+
; Parameter Settings for User Entity Instance: lpm_counter0:inst8|lpm_counter:LPM_COUNTER_component ;
+------------------------+---------------+----------------------------------------------------------+
; Parameter Name         ; Value         ; Type                                                     ;
+------------------------+---------------+----------------------------------------------------------+
; AUTO_CARRY_CHAINS      ; ON            ; AUTO_CARRY                                               ;
; IGNORE_CARRY_BUFFERS   ; OFF           ; IGNORE_CARRY                                             ;
; AUTO_CASCADE_CHAINS    ; ON            ; AUTO_CASCADE                                             ;
; IGNORE_CASCADE_BUFFERS ; OFF           ; IGNORE_CASCADE                                           ;
; LPM_WIDTH              ; 8             ; Signed Integer                                           ;
; LPM_DIRECTION          ; UP            ; Untyped                                                  ;
; LPM_MODULUS            ; 0             ; Untyped                                                  ;
; LPM_AVALUE             ; UNUSED        ; Untyped                                                  ;
; LPM_SVALUE             ; UNUSED        ; Untyped                                                  ;
; LPM_PORT_UPDOWN        ; PORT_UNUSED   ; Untyped                                                  ;
; DEVICE_FAMILY          ; Cyclone IV GX ; Untyped                                                  ;
; CARRY_CHAIN            ; MANUAL        ; Untyped                                                  ;
; CARRY_CHAIN_LENGTH     ; 48            ; CARRY_CHAIN_LENGTH                                       ;
; NOT_GATE_PUSH_BACK     ; ON            ; NOT_GATE_PUSH_BACK                                       ;
; CARRY_CNT_EN           ; SMART         ; Untyped                                                  ;
; LABWIDE_SCLR           ; ON            ; Untyped                                                  ;
; USE_NEW_VERSION        ; TRUE          ; Untyped                                                  ;
; CBXI_PARAMETER         ; cntr_8th      ; Untyped                                                  ;
+------------------------+---------------+----------------------------------------------------------+
Note: In order to hide this table in the UI and the text report file, please set the "Show Parameter Settings in Synthesis Report" option in "Analysis and Synthesis Settings -> More Settings" to "Off".


+-------------------------------------------------------------------------------------+
; lpm_mult Parameter Settings by Entity Instance                                      ;
+---------------------------------------+---------------------------------------------+
; Name                                  ; Value                                       ;
+---------------------------------------+---------------------------------------------+
; Number of entity instances            ; 3                                           ;
; Entity Instance                       ; lpm_mult0:inst2|lpm_mult:lpm_mult_component ;
;     -- LPM_WIDTHA                     ; 32                                          ;
;     -- LPM_WIDTHB                     ; 32                                          ;
;     -- LPM_WIDTHP                     ; 64                                          ;
;     -- LPM_REPRESENTATION             ; SIGNED                                      ;
;     -- INPUT_A_IS_CONSTANT            ; NO                                          ;
;     -- INPUT_B_IS_CONSTANT            ; NO                                          ;
;     -- USE_EAB                        ; OFF                                         ;
;     -- DEDICATED_MULTIPLIER_CIRCUITRY ; AUTO                                        ;
;     -- INPUT_A_FIXED_VALUE            ; Bx                                          ;
;     -- INPUT_B_FIXED_VALUE            ; Bx                                          ;
; Entity Instance                       ; lpm_mult0:inst1|lpm_mult:lpm_mult_component ;
;     -- LPM_WIDTHA                     ; 32                                          ;
;     -- LPM_WIDTHB                     ; 32                                          ;
;     -- LPM_WIDTHP                     ; 64                                          ;
;     -- LPM_REPRESENTATION             ; SIGNED                                      ;
;     -- INPUT_A_IS_CONSTANT            ; NO                                          ;
;     -- INPUT_B_IS_CONSTANT            ; NO                                          ;
;     -- USE_EAB                        ; OFF                                         ;
;     -- DEDICATED_MULTIPLIER_CIRCUITRY ; AUTO                                        ;
;     -- INPUT_A_FIXED_VALUE            ; Bx                                          ;
;     -- INPUT_B_FIXED_VALUE            ; Bx                                          ;
; Entity Instance                       ; lpm_mult0:inst3|lpm_mult:lpm_mult_component ;
;     -- LPM_WIDTHA                     ; 32                                          ;
;     -- LPM_WIDTHB                     ; 32                                          ;
;     -- LPM_WIDTHP                     ; 64                                          ;
;     -- LPM_REPRESENTATION             ; SIGNED                                      ;
;     -- INPUT_A_IS_CONSTANT            ; NO                                          ;
;     -- INPUT_B_IS_CONSTANT            ; NO                                          ;
;     -- USE_EAB                        ; OFF                                         ;
;     -- DEDICATED_MULTIPLIER_CIRCUITRY ; AUTO                                        ;
;     -- INPUT_A_FIXED_VALUE            ; Bx                                          ;
;     -- INPUT_B_FIXED_VALUE            ; Bx                                          ;
+---------------------------------------+---------------------------------------------+


+-------------------------------+
; Elapsed Time Per Partition    ;
+----------------+--------------+
; Partition Name ; Elapsed Time ;
+----------------+--------------+
; Top            ; 00:00:10     ;
+----------------+--------------+


+-------------------------------+
; Analysis & Synthesis Messages ;
+-------------------------------+
Info: *******************************************************************
Info: Running Quartus II 64-Bit Analysis & Synthesis
    Info: Version 13.0.1 Build 232 06/12/2013 Service Pack 1 SJ Web Edition
    Info: Processing started: Mon Jul 05 22:54:12 2021
Info: Command: quartus_map --read_settings_files=on --write_settings_files=off calcula_seno -c calcula_seno
Warning (20028): Parallel compilation is not licensed and has been disabled
Info (12021): Found 2 design units, including 1 entities, in source file lpm_add_sub0.vhd
    Info (12022): Found design unit 1: lpm_add_sub0-SYN
    Info (12023): Found entity 1: lpm_add_sub0
Info (12021): Found 2 design units, including 1 entities, in source file lpm_mult0.vhd
    Info (12022): Found design unit 1: lpm_mult0-SYN
    Info (12023): Found entity 1: lpm_mult0
Info (12021): Found 2 design units, including 1 entities, in source file lpm_add_sub1.vhd
    Info (12022): Found design unit 1: lpm_add_sub1-SYN
    Info (12023): Found entity 1: lpm_add_sub1
Info (12021): Found 2 design units, including 1 entities, in source file lpm_divide0.vhd
    Info (12022): Found design unit 1: lpm_divide0-SYN
    Info (12023): Found entity 1: lpm_divide0
Info (12021): Found 4 design units, including 2 entities, in source file lpm_constant0.vhd
    Info (12022): Found design unit 1: lpm_constant0_lpm_constant_cg9-RTL
    Info (12022): Found design unit 2: lpm_constant0-RTL
    Info (12023): Found entity 1: lpm_constant0_lpm_constant_cg9
    Info (12023): Found entity 2: lpm_constant0
Info (12021): Found 4 design units, including 2 entities, in source file lpm_constant1.vhd
    Info (12022): Found design unit 1: lpm_constant1_lpm_constant_5f9-RTL
    Info (12022): Found design unit 2: lpm_constant1-RTL
    Info (12023): Found entity 1: lpm_constant1_lpm_constant_5f9
    Info (12023): Found entity 2: lpm_constant1
Info (12021): Found 1 design units, including 1 entities, in source file calcula_seno.bdf
    Info (12023): Found entity 1: calcula_seno
Info (12021): Found 2 design units, including 1 entities, in source file lpm_counter0.vhd
    Info (12022): Found design unit 1: lpm_counter0-SYN
    Info (12023): Found entity 1: lpm_counter0
Info (12127): Elaborating entity "calcula_seno" for the top level hierarchy
Info (12128): Elaborating entity "lpm_add_sub1" for hierarchy "lpm_add_sub1:inst10"
Info (12128): Elaborating entity "lpm_add_sub" for hierarchy "lpm_add_sub1:inst10|lpm_add_sub:LPM_ADD_SUB_component"
Info (12130): Elaborated megafunction instantiation "lpm_add_sub1:inst10|lpm_add_sub:LPM_ADD_SUB_component"
Info (12133): Instantiated megafunction "lpm_add_sub1:inst10|lpm_add_sub:LPM_ADD_SUB_component" with the following parameter:
    Info (12134): Parameter "lpm_direction" = "SUB"
    Info (12134): Parameter "lpm_hint" = "ONE_INPUT_IS_CONSTANT=NO,CIN_USED=NO"
    Info (12134): Parameter "lpm_representation" = "SIGNED"
    Info (12134): Parameter "lpm_type" = "LPM_ADD_SUB"
    Info (12134): Parameter "lpm_width" = "32"
Info (12021): Found 1 design units, including 1 entities, in source file db/add_sub_3oh.tdf
    Info (12023): Found entity 1: add_sub_3oh
Info (12128): Elaborating entity "add_sub_3oh" for hierarchy "lpm_add_sub1:inst10|lpm_add_sub:LPM_ADD_SUB_component|add_sub_3oh:auto_generated"
Info (12128): Elaborating entity "lpm_divide0" for hierarchy "lpm_divide0:inst4"
Info (12128): Elaborating entity "lpm_divide" for hierarchy "lpm_divide0:inst4|lpm_divide:LPM_DIVIDE_component"
Info (12130): Elaborated megafunction instantiation "lpm_divide0:inst4|lpm_divide:LPM_DIVIDE_component"
Info (12133): Instantiated megafunction "lpm_divide0:inst4|lpm_divide:LPM_DIVIDE_component" with the following parameter:
    Info (12134): Parameter "lpm_drepresentation" = "SIGNED"
    Info (12134): Parameter "lpm_hint" = "LPM_REMAINDERPOSITIVE=TRUE"
    Info (12134): Parameter "lpm_nrepresentation" = "SIGNED"
    Info (12134): Parameter "lpm_type" = "LPM_DIVIDE"
    Info (12134): Parameter "lpm_widthd" = "64"
    Info (12134): Parameter "lpm_widthn" = "64"
Info (12021): Found 1 design units, including 1 entities, in source file db/lpm_divide_uop.tdf
    Info (12023): Found entity 1: lpm_divide_uop
Info (12128): Elaborating entity "lpm_divide_uop" for hierarchy "lpm_divide0:inst4|lpm_divide:LPM_DIVIDE_component|lpm_divide_uop:auto_generated"
Info (12021): Found 1 design units, including 1 entities, in source file db/sign_div_unsign_d9h.tdf
    Info (12023): Found entity 1: sign_div_unsign_d9h
Info (12128): Elaborating entity "sign_div_unsign_d9h" for hierarchy "lpm_divide0:inst4|lpm_divide:LPM_DIVIDE_component|lpm_divide_uop:auto_generated|sign_div_unsign_d9h:divider"
Info (12021): Found 1 design units, including 1 entities, in source file db/alt_u_div_kef.tdf
    Info (12023): Found entity 1: alt_u_div_kef
Info (12128): Elaborating entity "alt_u_div_kef" for hierarchy "lpm_divide0:inst4|lpm_divide:LPM_DIVIDE_component|lpm_divide_uop:auto_generated|sign_div_unsign_d9h:divider|alt_u_div_kef:divider"
Info (12021): Found 1 design units, including 1 entities, in source file db/add_sub_1tc.tdf
    Info (12023): Found entity 1: add_sub_1tc
Info (12128): Elaborating entity "add_sub_1tc" for hierarchy "lpm_divide0:inst4|lpm_divide:LPM_DIVIDE_component|lpm_divide_uop:auto_generated|sign_div_unsign_d9h:divider|alt_u_div_kef:divider|add_sub_1tc:add_sub_0"
Info (12021): Found 1 design units, including 1 entities, in source file db/add_sub_2tc.tdf
    Info (12023): Found entity 1: add_sub_2tc
Info (12128): Elaborating entity "add_sub_2tc" for hierarchy "lpm_divide0:inst4|lpm_divide:LPM_DIVIDE_component|lpm_divide_uop:auto_generated|sign_div_unsign_d9h:divider|alt_u_div_kef:divider|add_sub_2tc:add_sub_1"
Info (12128): Elaborating entity "lpm_constant0" for hierarchy "lpm_constant0:inst5"
Info (12128): Elaborating entity "lpm_constant0_lpm_constant_cg9" for hierarchy "lpm_constant0:inst5|lpm_constant0_lpm_constant_cg9:lpm_constant0_lpm_constant_cg9_component"
Info (12128): Elaborating entity "lpm_mult0" for hierarchy "lpm_mult0:inst2"
Info (12128): Elaborating entity "lpm_mult" for hierarchy "lpm_mult0:inst2|lpm_mult:lpm_mult_component"
Info (12130): Elaborated megafunction instantiation "lpm_mult0:inst2|lpm_mult:lpm_mult_component"
Info (12133): Instantiated megafunction "lpm_mult0:inst2|lpm_mult:lpm_mult_component" with the following parameter:
    Info (12134): Parameter "lpm_hint" = "MAXIMIZE_SPEED=5"
    Info (12134): Parameter "lpm_representation" = "SIGNED"
    Info (12134): Parameter "lpm_type" = "LPM_MULT"
    Info (12134): Parameter "lpm_widtha" = "32"
    Info (12134): Parameter "lpm_widthb" = "32"
    Info (12134): Parameter "lpm_widthp" = "64"
Info (12021): Found 1 design units, including 1 entities, in source file db/mult_gcn.tdf
    Info (12023): Found entity 1: mult_gcn
Info (12128): Elaborating entity "mult_gcn" for hierarchy "lpm_mult0:inst2|lpm_mult:lpm_mult_component|mult_gcn:auto_generated"
Info (12128): Elaborating entity "lpm_constant1" for hierarchy "lpm_constant1:inst6"
Info (12128): Elaborating entity "lpm_constant1_lpm_constant_5f9" for hierarchy "lpm_constant1:inst6|lpm_constant1_lpm_constant_5f9:lpm_constant1_lpm_constant_5f9_component"
Info (12128): Elaborating entity "lpm_add_sub0" for hierarchy "lpm_add_sub0:inst"
Info (12128): Elaborating entity "lpm_add_sub" for hierarchy "lpm_add_sub0:inst|lpm_add_sub:LPM_ADD_SUB_component"
Info (12130): Elaborated megafunction instantiation "lpm_add_sub0:inst|lpm_add_sub:LPM_ADD_SUB_component"
Info (12133): Instantiated megafunction "lpm_add_sub0:inst|lpm_add_sub:LPM_ADD_SUB_component" with the following parameter:
    Info (12134): Parameter "lpm_direction" = "ADD"
    Info (12134): Parameter "lpm_hint" = "ONE_INPUT_IS_CONSTANT=NO,CIN_USED=NO"
    Info (12134): Parameter "lpm_representation" = "SIGNED"
    Info (12134): Parameter "lpm_type" = "LPM_ADD_SUB"
    Info (12134): Parameter "lpm_width" = "32"
Info (12021): Found 1 design units, including 1 entities, in source file db/add_sub_2nh.tdf
    Info (12023): Found entity 1: add_sub_2nh
Info (12128): Elaborating entity "add_sub_2nh" for hierarchy "lpm_add_sub0:inst|lpm_add_sub:LPM_ADD_SUB_component|add_sub_2nh:auto_generated"
Info (12128): Elaborating entity "lpm_counter0" for hierarchy "lpm_counter0:inst8"
Info (12128): Elaborating entity "lpm_counter" for hierarchy "lpm_counter0:inst8|lpm_counter:LPM_COUNTER_component"
Info (12130): Elaborated megafunction instantiation "lpm_counter0:inst8|lpm_counter:LPM_COUNTER_component"
Info (12133): Instantiated megafunction "lpm_counter0:inst8|lpm_counter:LPM_COUNTER_component" with the following parameter:
    Info (12134): Parameter "lpm_direction" = "UP"
    Info (12134): Parameter "lpm_port_updown" = "PORT_UNUSED"
    Info (12134): Parameter "lpm_type" = "LPM_COUNTER"
    Info (12134): Parameter "lpm_width" = "8"
Info (12021): Found 1 design units, including 1 entities, in source file db/cntr_8th.tdf
    Info (12023): Found entity 1: cntr_8th
Info (12128): Elaborating entity "cntr_8th" for hierarchy "lpm_counter0:inst8|lpm_counter:LPM_COUNTER_component|cntr_8th:auto_generated"
Info (13014): Ignored 712 buffer(s)
    Info (13019): Ignored 712 SOFT buffer(s)
Warning (14284): Synthesized away the following node(s):
    Warning (14285): Synthesized away the following DSP element node(s):
        Warning (14320): Synthesized away node "lpm_mult0:inst1|lpm_mult:lpm_mult_component|mult_gcn:auto_generated|mac_out8"
        Warning (14320): Synthesized away node "lpm_mult0:inst1|lpm_mult:lpm_mult_component|mult_gcn:auto_generated|mac_mult7"
Info (286030): Timing-Driven Synthesis is running
Info (16010): Generating hard_block partition "hard_block:auto_generated_inst"
    Info (16011): Adding 0 node(s), including 0 DDIO, 0 PLL, 0 transceiver and 0 LCELL
Info (21057): Implemented 6683 device resources after synthesis - the final resource count might be different
    Info (21058): Implemented 33 input pins
    Info (21059): Implemented 136 output pins
    Info (21061): Implemented 6492 logic cells
    Info (21062): Implemented 22 DSP elements
Info: Quartus II 64-Bit Analysis & Synthesis was successful. 0 errors, 5 warnings
    Info: Peak virtual memory: 4845 megabytes
    Info: Processing ended: Mon Jul 05 22:54:26 2021
    Info: Elapsed time: 00:00:14
    Info: Total CPU time (on all processors): 00:00:15


