Flow report for calcula_seno_f
Mon Jul 12 21:04:46 2021
Quartus II 64-Bit Version 13.0.1 Build 232 06/12/2013 Service Pack 1 SJ Web Edition


---------------------
; Table of Contents ;
---------------------
  1. Legal Notice
  2. Flow Summary
  3. Flow Settings
  4. Flow Non-Default Global Settings
  5. Flow Elapsed Time
  6. Flow OS Summary
  7. Flow Log
  8. Flow Messages
  9. Flow Suppressed Messages



----------------
; Legal Notice ;
----------------
Copyright (C) 1991-2013 Altera Corporation
Your use of Altera Corporation's design tools, logic functions 
and other software and tools, and its AMPP partner logic 
functions, and any output files from any of the foregoing 
(including device programming or simulation files), and any 
associated documentation or information are expressly subject 
to the terms and conditions of the Altera Program License 
Subscription Agreement, Altera MegaCore Function License 
Agreement, or other applicable license agreement, including, 
without limitation, that your use is for the sole purpose of 
programming logic devices manufactured by Altera and sold by 
Altera or its authorized distributors.  Please refer to the 
applicable agreement for further details.



+--------------------------------------------------------------------------------------+
; Flow Summary                                                                         ;
+------------------------------------+-------------------------------------------------+
; Flow Status                        ; Successful - Mon Jul 12 21:04:46 2021           ;
; Quartus II 64-Bit Version          ; 13.0.1 Build 232 06/12/2013 SP 1 SJ Web Edition ;
; Revision Name                      ; calcula_seno_f                                  ;
; Top-level Entity Name              ; calcula_seno_f                                  ;
; Family                             ; Cyclone IV GX                                   ;
; Device                             ; EP4CGX150DF31I7AD                               ;
; Timing Models                      ; Final                                           ;
; Total logic elements               ; 3,753 / 149,760 ( 3 % )                         ;
;     Total combinational functions  ; 3,272 / 149,760 ( 2 % )                         ;
;     Dedicated logic registers      ; 2,305 / 149,760 ( 2 % )                         ;
; Total registers                    ; 2305                                            ;
; Total pins                         ; 289 / 508 ( 57 % )                              ;
; Total virtual pins                 ; 0                                               ;
; Total memory bits                  ; 1,253 / 6,635,520 ( < 1 % )                     ;
; Embedded Multiplier 9-bit elements ; 76 / 720 ( 11 % )                               ;
; Total GXB Receiver Channel PCS     ; 0 / 8 ( 0 % )                                   ;
; Total GXB Receiver Channel PMA     ; 0 / 8 ( 0 % )                                   ;
; Total GXB Transmitter Channel PCS  ; 0 / 8 ( 0 % )                                   ;
; Total GXB Transmitter Channel PMA  ; 0 / 8 ( 0 % )                                   ;
; Total PLLs                         ; 0 / 8 ( 0 % )                                   ;
+------------------------------------+-------------------------------------------------+


+-----------------------------------------+
; Flow Settings                           ;
+-------------------+---------------------+
; Option            ; Setting             ;
+-------------------+---------------------+
; Start date & time ; 07/12/2021 20:26:58 ;
; Main task         ; Compilation         ;
; Revision Name     ; calcula_seno_f      ;
+-------------------+---------------------+


+---------------------------------------------------------------------------------------------------------------------+
; Flow Non-Default Global Settings                                                                                    ;
+-------------------------------------+--------------------------------+---------------+-------------+----------------+
; Assignment Name                     ; Value                          ; Default Value ; Entity Name ; Section Id     ;
+-------------------------------------+--------------------------------+---------------+-------------+----------------+
; COMPILER_SIGNATURE_ID               ; 39908814605922.162613241707532 ; --            ; --          ; --             ;
; EDA_GENERATE_FUNCTIONAL_NETLIST     ; On                             ; --            ; --          ; eda_simulation ;
; EDA_OUTPUT_DATA_FORMAT              ; Verilog Hdl                    ; --            ; --          ; eda_simulation ;
; EDA_SIMULATION_TOOL                 ; ModelSim-Altera (Verilog)      ; <None>        ; --          ; --             ;
; IP_TOOL_NAME                        ; ALTFP_CONVERT                  ; --            ; --          ; --             ;
; IP_TOOL_NAME                        ; ALTFP_CONVERT                  ; --            ; --          ; --             ;
; IP_TOOL_NAME                        ; ALTFP_MULT                     ; --            ; --          ; --             ;
; IP_TOOL_NAME                        ; ALTFP_DIV                      ; --            ; --          ; --             ;
; IP_TOOL_NAME                        ; LPM_CONSTANT                   ; --            ; --          ; --             ;
; IP_TOOL_NAME                        ; ALTFP_ADD_SUB                  ; --            ; --          ; --             ;
; IP_TOOL_NAME                        ; ALTFP_ADD_SUB                  ; --            ; --          ; --             ;
; IP_TOOL_NAME                        ; LPM_CONSTANT                   ; --            ; --          ; --             ;
; IP_TOOL_NAME                        ; LPM_CONSTANT                   ; --            ; --          ; --             ;
; IP_TOOL_VERSION                     ; 13.0                           ; --            ; --          ; --             ;
; IP_TOOL_VERSION                     ; 13.0                           ; --            ; --          ; --             ;
; IP_TOOL_VERSION                     ; 13.0                           ; --            ; --          ; --             ;
; IP_TOOL_VERSION                     ; 13.0                           ; --            ; --          ; --             ;
; IP_TOOL_VERSION                     ; 13.0                           ; --            ; --          ; --             ;
; IP_TOOL_VERSION                     ; 13.0                           ; --            ; --          ; --             ;
; IP_TOOL_VERSION                     ; 13.0                           ; --            ; --          ; --             ;
; IP_TOOL_VERSION                     ; 13.0                           ; --            ; --          ; --             ;
; IP_TOOL_VERSION                     ; 13.0                           ; --            ; --          ; --             ;
; MAX_CORE_JUNCTION_TEMP              ; 100                            ; --            ; --          ; --             ;
; MIN_CORE_JUNCTION_TEMP              ; -40                            ; --            ; --          ; --             ;
; MISC_FILE                           ; altfp_convert0.bsf             ; --            ; --          ; --             ;
; MISC_FILE                           ; altfp_convert0_inst.vhd        ; --            ; --          ; --             ;
; MISC_FILE                           ; altfp_convert0.inc             ; --            ; --          ; --             ;
; MISC_FILE                           ; altfp_convert0.cmp             ; --            ; --          ; --             ;
; MISC_FILE                           ; altfp_convert1.bsf             ; --            ; --          ; --             ;
; MISC_FILE                           ; altfp_convert1_inst.vhd        ; --            ; --          ; --             ;
; MISC_FILE                           ; altfp_convert1.inc             ; --            ; --          ; --             ;
; MISC_FILE                           ; altfp_convert1.cmp             ; --            ; --          ; --             ;
; MISC_FILE                           ; altfp_mult0.bsf                ; --            ; --          ; --             ;
; MISC_FILE                           ; altfp_mult0_inst.vhd           ; --            ; --          ; --             ;
; MISC_FILE                           ; altfp_mult0.inc                ; --            ; --          ; --             ;
; MISC_FILE                           ; altfp_mult0.cmp                ; --            ; --          ; --             ;
; MISC_FILE                           ; altfp_div0.bsf                 ; --            ; --          ; --             ;
; MISC_FILE                           ; altfp_div0.cmp                 ; --            ; --          ; --             ;
; MISC_FILE                           ; lpm_constant0.bsf              ; --            ; --          ; --             ;
; MISC_FILE                           ; lpm_constant0.cmp              ; --            ; --          ; --             ;
; MISC_FILE                           ; altfp_add0.bsf                 ; --            ; --          ; --             ;
; MISC_FILE                           ; altfp_add0.cmp                 ; --            ; --          ; --             ;
; MISC_FILE                           ; altfp_sub0.bsf                 ; --            ; --          ; --             ;
; MISC_FILE                           ; altfp_sub0.cmp                 ; --            ; --          ; --             ;
; MISC_FILE                           ; lpm_constant1.bsf              ; --            ; --          ; --             ;
; MISC_FILE                           ; lpm_constant1.cmp              ; --            ; --          ; --             ;
; MISC_FILE                           ; lpm_constant2.bsf              ; --            ; --          ; --             ;
; MISC_FILE                           ; lpm_constant2.cmp              ; --            ; --          ; --             ;
; PARTITION_COLOR                     ; 16764057                       ; --            ; --          ; Top            ;
; PARTITION_FITTER_PRESERVATION_LEVEL ; PLACEMENT_AND_ROUTING          ; --            ; --          ; Top            ;
; PARTITION_NETLIST_TYPE              ; SOURCE                         ; --            ; --          ; Top            ;
; PROJECT_OUTPUT_DIRECTORY            ; output_files                   ; --            ; --          ; --             ;
+-------------------------------------+--------------------------------+---------------+-------------+----------------+


+-------------------------------------------------------------------------------------------------------------------------------+
; Flow Elapsed Time                                                                                                             ;
+---------------------------+--------------+-------------------------+---------------------+------------------------------------+
; Module Name               ; Elapsed Time ; Average Processors Used ; Peak Virtual Memory ; Total CPU Time (on all processors) ;
+---------------------------+--------------+-------------------------+---------------------+------------------------------------+
; Analysis & Synthesis      ; 00:00:55     ; 1.0                     ; 4795 MB             ; 00:00:20                           ;
; Fitter                    ; 00:01:24     ; 1.0                     ; 5184 MB             ; 00:01:01                           ;
; Assembler                 ; 00:00:09     ; 1.0                     ; 4647 MB             ; 00:00:06                           ;
; TimeQuest Timing Analyzer ; 00:00:18     ; 1.0                     ; 4742 MB             ; 00:00:06                           ;
; EDA Netlist Writer        ; 00:00:05     ; 1.0                     ; 4626 MB             ; 00:00:02                           ;
; EDA Netlist Writer        ; 00:00:04     ; 1.0                     ; 4628 MB             ; 00:00:01                           ;
; EDA Netlist Writer        ; 00:00:06     ; 1.0                     ; 4624 MB             ; 00:00:02                           ;
; EDA Netlist Writer        ; 00:00:06     ; 1.0                     ; 4628 MB             ; 00:00:01                           ;
; EDA Netlist Writer        ; 00:00:06     ; 1.0                     ; 4624 MB             ; 00:00:02                           ;
; EDA Netlist Writer        ; 00:00:04     ; 1.0                     ; 4628 MB             ; 00:00:01                           ;
; EDA Netlist Writer        ; 00:00:06     ; 1.0                     ; 4624 MB             ; 00:00:02                           ;
; EDA Netlist Writer        ; 00:00:05     ; 1.0                     ; 4629 MB             ; 00:00:01                           ;
; EDA Netlist Writer        ; 00:00:05     ; 1.0                     ; 4624 MB             ; 00:00:02                           ;
; EDA Netlist Writer        ; 00:00:04     ; 1.0                     ; 4628 MB             ; 00:00:01                           ;
; EDA Netlist Writer        ; 00:00:06     ; 1.0                     ; 4624 MB             ; 00:00:02                           ;
; EDA Netlist Writer        ; 00:00:04     ; 1.0                     ; 4628 MB             ; 00:00:01                           ;
; EDA Netlist Writer        ; 00:00:06     ; 1.0                     ; 4628 MB             ; 00:00:02                           ;
; Total                     ; 00:03:53     ; --                      ; --                  ; 00:01:53                           ;
+---------------------------+--------------+-------------------------+---------------------+------------------------------------+


+----------------------------------------------------------------------------------------+
; Flow OS Summary                                                                        ;
+---------------------------+------------------+-----------+------------+----------------+
; Module Name               ; Machine Hostname ; OS Name   ; OS Version ; Processor type ;
+---------------------------+------------------+-----------+------------+----------------+
; Analysis & Synthesis      ; DESKTOP-9LK3UQP  ; Windows 7 ; 6.2        ; x86_64         ;
; Fitter                    ; DESKTOP-9LK3UQP  ; Windows 7 ; 6.2        ; x86_64         ;
; Assembler                 ; DESKTOP-9LK3UQP  ; Windows 7 ; 6.2        ; x86_64         ;
; TimeQuest Timing Analyzer ; DESKTOP-9LK3UQP  ; Windows 7 ; 6.2        ; x86_64         ;
; EDA Netlist Writer        ; DESKTOP-9LK3UQP  ; Windows 7 ; 6.2        ; x86_64         ;
; EDA Netlist Writer        ; DESKTOP-9LK3UQP  ; Windows 7 ; 6.2        ; x86_64         ;
; EDA Netlist Writer        ; DESKTOP-9LK3UQP  ; Windows 7 ; 6.2        ; x86_64         ;
; EDA Netlist Writer        ; DESKTOP-9LK3UQP  ; Windows 7 ; 6.2        ; x86_64         ;
; EDA Netlist Writer        ; DESKTOP-9LK3UQP  ; Windows 7 ; 6.2        ; x86_64         ;
; EDA Netlist Writer        ; DESKTOP-9LK3UQP  ; Windows 7 ; 6.2        ; x86_64         ;
; EDA Netlist Writer        ; DESKTOP-9LK3UQP  ; Windows 7 ; 6.2        ; x86_64         ;
; EDA Netlist Writer        ; DESKTOP-9LK3UQP  ; Windows 7 ; 6.2        ; x86_64         ;
; EDA Netlist Writer        ; DESKTOP-9LK3UQP  ; Windows 7 ; 6.2        ; x86_64         ;
; EDA Netlist Writer        ; DESKTOP-9LK3UQP  ; Windows 7 ; 6.2        ; x86_64         ;
; EDA Netlist Writer        ; DESKTOP-9LK3UQP  ; Windows 7 ; 6.2        ; x86_64         ;
; EDA Netlist Writer        ; DESKTOP-9LK3UQP  ; Windows 7 ; 6.2        ; x86_64         ;
; EDA Netlist Writer        ; DESKTOP-9LK3UQP  ; Windows 7 ; 6.2        ; x86_64         ;
+---------------------------+------------------+-----------+------------+----------------+


------------
; Flow Log ;
------------
quartus_map --read_settings_files=on --write_settings_files=off calcula_seno_f -c calcula_seno_f
quartus_fit --read_settings_files=off --write_settings_files=off calcula_seno_f -c calcula_seno_f
quartus_asm --read_settings_files=off --write_settings_files=off calcula_seno_f -c calcula_seno_f
quartus_sta calcula_seno_f -c calcula_seno_f
quartus_eda --read_settings_files=off --write_settings_files=off calcula_seno_f -c calcula_seno_f
quartus_eda --gen_testbench --check_outputs=on --tool=modelsim_oem --format=verilog calcula_seno_f -c calcula_seno_f --vector_source="G:/Meu Drive/utfpr/2021-2/logica_reconfiguravel/reconfigurable_logic/calcula_seno_f/Waveform.vwf" --testbench_file=./simulation/qsim/calcula_seno_f.vt
quartus_eda --functional=on --simulation=on --tool=modelsim_oem --format=verilog calcula_seno_f -c calcula_seno_f
quartus_eda --gen_testbench --check_outputs=on --tool=modelsim_oem --format=verilog calcula_seno_f -c calcula_seno_f --vector_source="G:/Meu Drive/utfpr/2021-2/logica_reconfiguravel/reconfigurable_logic/calcula_seno_f/Waveform.vwf" --testbench_file=./simulation/qsim/calcula_seno_f.vt
quartus_eda --functional=on --simulation=on --tool=modelsim_oem --format=verilog calcula_seno_f -c calcula_seno_f
quartus_eda --gen_testbench --check_outputs=on --tool=modelsim_oem --format=verilog calcula_seno_f -c calcula_seno_f --vector_source="G:/Meu Drive/utfpr/2021-2/logica_reconfiguravel/reconfigurable_logic/calcula_seno_f/Waveform.vwf" --testbench_file=./simulation/qsim/calcula_seno_f.vt
quartus_eda --functional=on --simulation=on --tool=modelsim_oem --format=verilog calcula_seno_f -c calcula_seno_f
quartus_eda --gen_testbench --check_outputs=on --tool=modelsim_oem --format=verilog calcula_seno_f -c calcula_seno_f --vector_source="G:/Meu Drive/utfpr/2021-2/logica_reconfiguravel/reconfigurable_logic/calcula_seno_f/Waveform.vwf" --testbench_file=./simulation/qsim/calcula_seno_f.vt
quartus_eda --functional=on --simulation=on --tool=modelsim_oem --format=verilog calcula_seno_f -c calcula_seno_f
quartus_eda --gen_testbench --check_outputs=on --tool=modelsim_oem --format=verilog calcula_seno_f -c calcula_seno_f --vector_source="G:/Meu Drive/utfpr/2021-2/logica_reconfiguravel/reconfigurable_logic/calcula_seno_f/Waveform.vwf" --testbench_file=./simulation/qsim/calcula_seno_f.vt
quartus_eda --functional=on --simulation=on --tool=modelsim_oem --format=verilog calcula_seno_f -c calcula_seno_f
quartus_eda --gen_testbench --check_outputs=on --tool=modelsim_oem --format=verilog calcula_seno_f -c calcula_seno_f --vector_source="G:/Meu Drive/utfpr/2021-2/logica_reconfiguravel/reconfigurable_logic/calcula_seno_f/Waveform.vwf" --testbench_file=./simulation/qsim/calcula_seno_f.vt
quartus_eda --functional=on --simulation=on --tool=modelsim_oem --format=verilog calcula_seno_f -c calcula_seno_f



